C:\Users\scofieldzhu\Desktop\CPWorkplace\f\hh\xf\Debug\sf.pdb
C:\Users\scofieldzhu\Desktop\CPWorkplace\f\hh\xf\sf\Debug\cl.command.1.tlog
C:\Users\scofieldzhu\Desktop\CPWorkplace\f\hh\xf\sf\Debug\CL.read.1.tlog
C:\Users\scofieldzhu\Desktop\CPWorkplace\f\hh\xf\sf\Debug\CL.write.1.tlog
C:\Users\scofieldzhu\Desktop\CPWorkplace\f\hh\xf\sf\Debug\link.1000.read.1.tlog
C:\Users\scofieldzhu\Desktop\CPWorkplace\f\hh\xf\sf\Debug\link.1000.write.1.tlog
C:\Users\scofieldzhu\Desktop\CPWorkplace\f\hh\xf\sf\Debug\link.1000-cvtres.read.1.tlog
C:\Users\scofieldzhu\Desktop\CPWorkplace\f\hh\xf\sf\Debug\link.1000-cvtres.write.1.tlog
C:\Users\scofieldzhu\Desktop\CPWorkplace\f\hh\xf\sf\Debug\link.10224.read.1.tlog
C:\Users\scofieldzhu\Desktop\CPWorkplace\f\hh\xf\sf\Debug\link.10224.write.1.tlog
C:\Users\scofieldzhu\Desktop\CPWorkplace\f\hh\xf\sf\Debug\link.10224-cvtres.read.1.tlog
C:\Users\scofieldzhu\Desktop\CPWorkplace\f\hh\xf\sf\Debug\link.10224-cvtres.write.1.tlog
C:\Users\scofieldzhu\Desktop\CPWorkplace\f\hh\xf\sf\Debug\link.1212.read.1.tlog
C:\Users\scofieldzhu\Desktop\CPWorkplace\f\hh\xf\sf\Debug\link.1212.write.1.tlog
C:\Users\scofieldzhu\Desktop\CPWorkplace\f\hh\xf\sf\Debug\link.1212-cvtres.read.1.tlog
C:\Users\scofieldzhu\Desktop\CPWorkplace\f\hh\xf\sf\Debug\link.1212-cvtres.write.1.tlog
C:\Users\scofieldzhu\Desktop\CPWorkplace\f\hh\xf\sf\Debug\link.2492.read.1.tlog
C:\Users\scofieldzhu\Desktop\CPWorkplace\f\hh\xf\sf\Debug\link.2492.write.1.tlog
C:\Users\scofieldzhu\Desktop\CPWorkplace\f\hh\xf\sf\Debug\link.2492-cvtres.read.1.tlog
C:\Users\scofieldzhu\Desktop\CPWorkplace\f\hh\xf\sf\Debug\link.2492-cvtres.write.1.tlog
C:\Users\scofieldzhu\Desktop\CPWorkplace\f\hh\xf\sf\Debug\link.2916.read.1.tlog
C:\Users\scofieldzhu\Desktop\CPWorkplace\f\hh\xf\sf\Debug\link.2916.write.1.tlog
C:\Users\scofieldzhu\Desktop\CPWorkplace\f\hh\xf\sf\Debug\link.2916-cvtres.read.1.tlog
C:\Users\scofieldzhu\Desktop\CPWorkplace\f\hh\xf\sf\Debug\link.2916-cvtres.write.1.tlog
C:\Users\scofieldzhu\Desktop\CPWorkplace\f\hh\xf\sf\Debug\link.3200.read.1.tlog
C:\Users\scofieldzhu\Desktop\CPWorkplace\f\hh\xf\sf\Debug\link.3200.write.1.tlog
C:\Users\scofieldzhu\Desktop\CPWorkplace\f\hh\xf\sf\Debug\link.3200-cvtres.read.1.tlog
C:\Users\scofieldzhu\Desktop\CPWorkplace\f\hh\xf\sf\Debug\link.3200-cvtres.write.1.tlog
C:\Users\scofieldzhu\Desktop\CPWorkplace\f\hh\xf\sf\Debug\link.3240.read.1.tlog
C:\Users\scofieldzhu\Desktop\CPWorkplace\f\hh\xf\sf\Debug\link.3240.write.1.tlog
C:\Users\scofieldzhu\Desktop\CPWorkplace\f\hh\xf\sf\Debug\link.3240-cvtres.read.1.tlog
C:\Users\scofieldzhu\Desktop\CPWorkplace\f\hh\xf\sf\Debug\link.3240-cvtres.write.1.tlog
C:\Users\scofieldzhu\Desktop\CPWorkplace\f\hh\xf\sf\Debug\link.3852.read.1.tlog
C:\Users\scofieldzhu\Desktop\CPWorkplace\f\hh\xf\sf\Debug\link.3852.write.1.tlog
C:\Users\scofieldzhu\Desktop\CPWorkplace\f\hh\xf\sf\Debug\link.3852-cvtres.read.1.tlog
C:\Users\scofieldzhu\Desktop\CPWorkplace\f\hh\xf\sf\Debug\link.3852-cvtres.write.1.tlog
C:\Users\scofieldzhu\Desktop\CPWorkplace\f\hh\xf\sf\Debug\link.4004.read.1.tlog
C:\Users\scofieldzhu\Desktop\CPWorkplace\f\hh\xf\sf\Debug\link.4004.write.1.tlog
C:\Users\scofieldzhu\Desktop\CPWorkplace\f\hh\xf\sf\Debug\link.4004-cvtres.read.1.tlog
C:\Users\scofieldzhu\Desktop\CPWorkplace\f\hh\xf\sf\Debug\link.4004-cvtres.write.1.tlog
C:\Users\scofieldzhu\Desktop\CPWorkplace\f\hh\xf\sf\Debug\link.4324.read.1.tlog
C:\Users\scofieldzhu\Desktop\CPWorkplace\f\hh\xf\sf\Debug\link.4324.write.1.tlog
C:\Users\scofieldzhu\Desktop\CPWorkplace\f\hh\xf\sf\Debug\link.4324-cvtres.read.1.tlog
C:\Users\scofieldzhu\Desktop\CPWorkplace\f\hh\xf\sf\Debug\link.4324-cvtres.write.1.tlog
C:\Users\scofieldzhu\Desktop\CPWorkplace\f\hh\xf\sf\Debug\link.4336.read.1.tlog
C:\Users\scofieldzhu\Desktop\CPWorkplace\f\hh\xf\sf\Debug\link.4336.write.1.tlog
C:\Users\scofieldzhu\Desktop\CPWorkplace\f\hh\xf\sf\Debug\link.4336-cvtres.read.1.tlog
C:\Users\scofieldzhu\Desktop\CPWorkplace\f\hh\xf\sf\Debug\link.4336-cvtres.write.1.tlog
C:\Users\scofieldzhu\Desktop\CPWorkplace\f\hh\xf\sf\Debug\link.4504.read.1.tlog
C:\Users\scofieldzhu\Desktop\CPWorkplace\f\hh\xf\sf\Debug\link.4504.write.1.tlog
C:\Users\scofieldzhu\Desktop\CPWorkplace\f\hh\xf\sf\Debug\link.4504-cvtres.read.1.tlog
C:\Users\scofieldzhu\Desktop\CPWorkplace\f\hh\xf\sf\Debug\link.4504-cvtres.write.1.tlog
C:\Users\scofieldzhu\Desktop\CPWorkplace\f\hh\xf\sf\Debug\link.4672.read.1.tlog
C:\Users\scofieldzhu\Desktop\CPWorkplace\f\hh\xf\sf\Debug\link.4672.write.1.tlog
C:\Users\scofieldzhu\Desktop\CPWorkplace\f\hh\xf\sf\Debug\link.4672-cvtres.read.1.tlog
C:\Users\scofieldzhu\Desktop\CPWorkplace\f\hh\xf\sf\Debug\link.4672-cvtres.write.1.tlog
C:\Users\scofieldzhu\Desktop\CPWorkplace\f\hh\xf\sf\Debug\link.5044.read.1.tlog
C:\Users\scofieldzhu\Desktop\CPWorkplace\f\hh\xf\sf\Debug\link.5044.write.1.tlog
C:\Users\scofieldzhu\Desktop\CPWorkplace\f\hh\xf\sf\Debug\link.5044-cvtres.read.1.tlog
C:\Users\scofieldzhu\Desktop\CPWorkplace\f\hh\xf\sf\Debug\link.5044-cvtres.write.1.tlog
C:\Users\scofieldzhu\Desktop\CPWorkplace\f\hh\xf\sf\Debug\link.5100.read.1.tlog
C:\Users\scofieldzhu\Desktop\CPWorkplace\f\hh\xf\sf\Debug\link.5100.write.1.tlog
C:\Users\scofieldzhu\Desktop\CPWorkplace\f\hh\xf\sf\Debug\link.5100-cvtres.read.1.tlog
C:\Users\scofieldzhu\Desktop\CPWorkplace\f\hh\xf\sf\Debug\link.5100-cvtres.write.1.tlog
C:\Users\scofieldzhu\Desktop\CPWorkplace\f\hh\xf\sf\Debug\link.5500.read.1.tlog
C:\Users\scofieldzhu\Desktop\CPWorkplace\f\hh\xf\sf\Debug\link.5500.write.1.tlog
C:\Users\scofieldzhu\Desktop\CPWorkplace\f\hh\xf\sf\Debug\link.5500-cvtres.read.1.tlog
C:\Users\scofieldzhu\Desktop\CPWorkplace\f\hh\xf\sf\Debug\link.5500-cvtres.write.1.tlog
C:\Users\scofieldzhu\Desktop\CPWorkplace\f\hh\xf\sf\Debug\link.6008.read.1.tlog
C:\Users\scofieldzhu\Desktop\CPWorkplace\f\hh\xf\sf\Debug\link.6008.write.1.tlog
C:\Users\scofieldzhu\Desktop\CPWorkplace\f\hh\xf\sf\Debug\link.6008-cvtres.read.1.tlog
C:\Users\scofieldzhu\Desktop\CPWorkplace\f\hh\xf\sf\Debug\link.6008-cvtres.write.1.tlog
C:\Users\scofieldzhu\Desktop\CPWorkplace\f\hh\xf\sf\Debug\link.632.read.1.tlog
C:\Users\scofieldzhu\Desktop\CPWorkplace\f\hh\xf\sf\Debug\link.632.write.1.tlog
C:\Users\scofieldzhu\Desktop\CPWorkplace\f\hh\xf\sf\Debug\link.632-cvtres.read.1.tlog
C:\Users\scofieldzhu\Desktop\CPWorkplace\f\hh\xf\sf\Debug\link.632-cvtres.write.1.tlog
C:\Users\scofieldzhu\Desktop\CPWorkplace\f\hh\xf\sf\Debug\link.6616.read.1.tlog
C:\Users\scofieldzhu\Desktop\CPWorkplace\f\hh\xf\sf\Debug\link.6616.write.1.tlog
C:\Users\scofieldzhu\Desktop\CPWorkplace\f\hh\xf\sf\Debug\link.6616-cvtres.read.1.tlog
C:\Users\scofieldzhu\Desktop\CPWorkplace\f\hh\xf\sf\Debug\link.6616-cvtres.write.1.tlog
C:\Users\scofieldzhu\Desktop\CPWorkplace\f\hh\xf\sf\Debug\link.6676.read.1.tlog
C:\Users\scofieldzhu\Desktop\CPWorkplace\f\hh\xf\sf\Debug\link.6676.write.1.tlog
C:\Users\scofieldzhu\Desktop\CPWorkplace\f\hh\xf\sf\Debug\link.6676-cvtres.read.1.tlog
C:\Users\scofieldzhu\Desktop\CPWorkplace\f\hh\xf\sf\Debug\link.6676-cvtres.write.1.tlog
C:\Users\scofieldzhu\Desktop\CPWorkplace\f\hh\xf\sf\Debug\link.6888.read.1.tlog
C:\Users\scofieldzhu\Desktop\CPWorkplace\f\hh\xf\sf\Debug\link.6888.write.1.tlog
C:\Users\scofieldzhu\Desktop\CPWorkplace\f\hh\xf\sf\Debug\link.6888-cvtres.read.1.tlog
C:\Users\scofieldzhu\Desktop\CPWorkplace\f\hh\xf\sf\Debug\link.6888-cvtres.write.1.tlog
C:\Users\scofieldzhu\Desktop\CPWorkplace\f\hh\xf\sf\Debug\link.7328.read.1.tlog
C:\Users\scofieldzhu\Desktop\CPWorkplace\f\hh\xf\sf\Debug\link.7328.write.1.tlog
C:\Users\scofieldzhu\Desktop\CPWorkplace\f\hh\xf\sf\Debug\link.7328-cvtres.read.1.tlog
C:\Users\scofieldzhu\Desktop\CPWorkplace\f\hh\xf\sf\Debug\link.7328-cvtres.write.1.tlog
C:\Users\scofieldzhu\Desktop\CPWorkplace\f\hh\xf\sf\Debug\link.7376.read.1.tlog
C:\Users\scofieldzhu\Desktop\CPWorkplace\f\hh\xf\sf\Debug\link.7376.write.1.tlog
C:\Users\scofieldzhu\Desktop\CPWorkplace\f\hh\xf\sf\Debug\link.7376-cvtres.read.1.tlog
C:\Users\scofieldzhu\Desktop\CPWorkplace\f\hh\xf\sf\Debug\link.7376-cvtres.write.1.tlog
C:\Users\scofieldzhu\Desktop\CPWorkplace\f\hh\xf\sf\Debug\link.7528.read.1.tlog
C:\Users\scofieldzhu\Desktop\CPWorkplace\f\hh\xf\sf\Debug\link.7528.write.1.tlog
C:\Users\scofieldzhu\Desktop\CPWorkplace\f\hh\xf\sf\Debug\link.7528-cvtres.read.1.tlog
C:\Users\scofieldzhu\Desktop\CPWorkplace\f\hh\xf\sf\Debug\link.7528-cvtres.write.1.tlog
C:\Users\scofieldzhu\Desktop\CPWorkplace\f\hh\xf\sf\Debug\link.7540.read.1.tlog
C:\Users\scofieldzhu\Desktop\CPWorkplace\f\hh\xf\sf\Debug\link.7540.write.1.tlog
C:\Users\scofieldzhu\Desktop\CPWorkplace\f\hh\xf\sf\Debug\link.7540-cvtres.read.1.tlog
C:\Users\scofieldzhu\Desktop\CPWorkplace\f\hh\xf\sf\Debug\link.7540-cvtres.write.1.tlog
C:\Users\scofieldzhu\Desktop\CPWorkplace\f\hh\xf\sf\Debug\link.7732.read.1.tlog
C:\Users\scofieldzhu\Desktop\CPWorkplace\f\hh\xf\sf\Debug\link.7732.write.1.tlog
C:\Users\scofieldzhu\Desktop\CPWorkplace\f\hh\xf\sf\Debug\link.7732-cvtres.read.1.tlog
C:\Users\scofieldzhu\Desktop\CPWorkplace\f\hh\xf\sf\Debug\link.7732-cvtres.write.1.tlog
C:\Users\scofieldzhu\Desktop\CPWorkplace\f\hh\xf\sf\Debug\link.7832.read.1.tlog
C:\Users\scofieldzhu\Desktop\CPWorkplace\f\hh\xf\sf\Debug\link.7832.write.1.tlog
C:\Users\scofieldzhu\Desktop\CPWorkplace\f\hh\xf\sf\Debug\link.7832-cvtres.read.1.tlog
C:\Users\scofieldzhu\Desktop\CPWorkplace\f\hh\xf\sf\Debug\link.7832-cvtres.write.1.tlog
C:\Users\scofieldzhu\Desktop\CPWorkplace\f\hh\xf\sf\Debug\link.7996.read.1.tlog
C:\Users\scofieldzhu\Desktop\CPWorkplace\f\hh\xf\sf\Debug\link.7996.write.1.tlog
C:\Users\scofieldzhu\Desktop\CPWorkplace\f\hh\xf\sf\Debug\link.7996-cvtres.read.1.tlog
C:\Users\scofieldzhu\Desktop\CPWorkplace\f\hh\xf\sf\Debug\link.7996-cvtres.write.1.tlog
C:\Users\scofieldzhu\Desktop\CPWorkplace\f\hh\xf\sf\Debug\link.8104.read.1.tlog
C:\Users\scofieldzhu\Desktop\CPWorkplace\f\hh\xf\sf\Debug\link.8104.write.1.tlog
C:\Users\scofieldzhu\Desktop\CPWorkplace\f\hh\xf\sf\Debug\link.8104-cvtres.read.1.tlog
C:\Users\scofieldzhu\Desktop\CPWorkplace\f\hh\xf\sf\Debug\link.8104-cvtres.write.1.tlog
C:\Users\scofieldzhu\Desktop\CPWorkplace\f\hh\xf\sf\Debug\link.8352.read.1.tlog
C:\Users\scofieldzhu\Desktop\CPWorkplace\f\hh\xf\sf\Debug\link.8352.write.1.tlog
C:\Users\scofieldzhu\Desktop\CPWorkplace\f\hh\xf\sf\Debug\link.8352-cvtres.read.1.tlog
C:\Users\scofieldzhu\Desktop\CPWorkplace\f\hh\xf\sf\Debug\link.8352-cvtres.write.1.tlog
C:\Users\scofieldzhu\Desktop\CPWorkplace\f\hh\xf\sf\Debug\link.8364.read.1.tlog
C:\Users\scofieldzhu\Desktop\CPWorkplace\f\hh\xf\sf\Debug\link.8364.write.1.tlog
C:\Users\scofieldzhu\Desktop\CPWorkplace\f\hh\xf\sf\Debug\link.8364-cvtres.read.1.tlog
C:\Users\scofieldzhu\Desktop\CPWorkplace\f\hh\xf\sf\Debug\link.8364-cvtres.write.1.tlog
C:\Users\scofieldzhu\Desktop\CPWorkplace\f\hh\xf\sf\Debug\link.8548.read.1.tlog
C:\Users\scofieldzhu\Desktop\CPWorkplace\f\hh\xf\sf\Debug\link.8548.write.1.tlog
C:\Users\scofieldzhu\Desktop\CPWorkplace\f\hh\xf\sf\Debug\link.8548-cvtres.read.1.tlog
C:\Users\scofieldzhu\Desktop\CPWorkplace\f\hh\xf\sf\Debug\link.8548-cvtres.write.1.tlog
C:\Users\scofieldzhu\Desktop\CPWorkplace\f\hh\xf\sf\Debug\link.8752.read.1.tlog
C:\Users\scofieldzhu\Desktop\CPWorkplace\f\hh\xf\sf\Debug\link.8752.write.1.tlog
C:\Users\scofieldzhu\Desktop\CPWorkplace\f\hh\xf\sf\Debug\link.8752-cvtres.read.1.tlog
C:\Users\scofieldzhu\Desktop\CPWorkplace\f\hh\xf\sf\Debug\link.8752-cvtres.write.1.tlog
C:\Users\scofieldzhu\Desktop\CPWorkplace\f\hh\xf\sf\Debug\link.9116.read.1.tlog
C:\Users\scofieldzhu\Desktop\CPWorkplace\f\hh\xf\sf\Debug\link.9116.write.1.tlog
C:\Users\scofieldzhu\Desktop\CPWorkplace\f\hh\xf\sf\Debug\link.9116-cvtres.read.1.tlog
C:\Users\scofieldzhu\Desktop\CPWorkplace\f\hh\xf\sf\Debug\link.9116-cvtres.write.1.tlog
C:\Users\scofieldzhu\Desktop\CPWorkplace\f\hh\xf\sf\Debug\link.9260.read.1.tlog
C:\Users\scofieldzhu\Desktop\CPWorkplace\f\hh\xf\sf\Debug\link.9260.write.1.tlog
C:\Users\scofieldzhu\Desktop\CPWorkplace\f\hh\xf\sf\Debug\link.9260-cvtres.read.1.tlog
C:\Users\scofieldzhu\Desktop\CPWorkplace\f\hh\xf\sf\Debug\link.9260-cvtres.write.1.tlog
C:\Users\scofieldzhu\Desktop\CPWorkplace\f\hh\xf\sf\Debug\link.9300.read.1.tlog
C:\Users\scofieldzhu\Desktop\CPWorkplace\f\hh\xf\sf\Debug\link.9300.write.1.tlog
C:\Users\scofieldzhu\Desktop\CPWorkplace\f\hh\xf\sf\Debug\link.9300-cvtres.read.1.tlog
C:\Users\scofieldzhu\Desktop\CPWorkplace\f\hh\xf\sf\Debug\link.9300-cvtres.write.1.tlog
C:\Users\scofieldzhu\Desktop\CPWorkplace\f\hh\xf\sf\Debug\link.9316.read.1.tlog
C:\Users\scofieldzhu\Desktop\CPWorkplace\f\hh\xf\sf\Debug\link.9316.write.1.tlog
C:\Users\scofieldzhu\Desktop\CPWorkplace\f\hh\xf\sf\Debug\link.9316-cvtres.read.1.tlog
C:\Users\scofieldzhu\Desktop\CPWorkplace\f\hh\xf\sf\Debug\link.9316-cvtres.write.1.tlog
C:\Users\scofieldzhu\Desktop\CPWorkplace\f\hh\xf\sf\Debug\link.command.1.tlog
C:\Users\scofieldzhu\Desktop\CPWorkplace\f\hh\xf\sf\Debug\link.read.1.tlog
C:\Users\scofieldzhu\Desktop\CPWorkplace\f\hh\xf\sf\Debug\link.write.1.tlog
C:\Users\scofieldzhu\Desktop\CPWorkplace\f\hh\xf\sf\Debug\link-cvtres.read.1.tlog
C:\Users\scofieldzhu\Desktop\CPWorkplace\f\hh\xf\sf\Debug\link-cvtres.write.1.tlog
C:\USERS\SCOFIELDZHU\DESKTOP\CPWORKPLACE\F\HH\XF\SF\DEBUG\LOGGERMGRDEF.OBJ
C:\USERS\SCOFIELDZHU\DESKTOP\CPWORKPLACE\F\HH\XF\SF\DEBUG\MAIN.OBJ
C:\Users\scofieldzhu\Desktop\CPWorkplace\f\hh\xf\sf\Debug\mt.command.1.tlog
C:\Users\scofieldzhu\Desktop\CPWorkplace\f\hh\xf\sf\Debug\mt.read.1.tlog
C:\Users\scofieldzhu\Desktop\CPWorkplace\f\hh\xf\sf\Debug\mt.write.1.tlog
C:\Users\scofieldzhu\Desktop\CPWorkplace\f\hh\xf\sf\Debug\rc.command.1.tlog
C:\Users\scofieldzhu\Desktop\CPWorkplace\f\hh\xf\sf\Debug\rc.read.1.tlog
C:\Users\scofieldzhu\Desktop\CPWorkplace\f\hh\xf\sf\Debug\rc.write.1.tlog
C:\USERS\SCOFIELDZHU\DESKTOP\CPWORKPLACE\F\HH\XF\SF\DEBUG\SF.EXE.EMBED.MANIFEST
C:\USERS\SCOFIELDZHU\DESKTOP\CPWORKPLACE\F\HH\XF\SF\DEBUG\SF.EXE.EMBED.MANIFEST.RES
C:\Users\scofieldzhu\Desktop\CPWorkplace\f\hh\xf\sf\Debug\sf.exe.intermediate.manifest
C:\Users\scofieldzhu\Desktop\CPWorkplace\f\hh\xf\sf\Debug\sf.vcxprojResolveAssemblyReference.cache
C:\Users\scofieldzhu\Desktop\CPWorkplace\f\hh\xf\sf\Debug\sf.write.1.tlog
C:\Users\scofieldzhu\Desktop\CPWorkplace\f\hh\xf\sf\Debug\sf_manifest.rc
C:\Users\scofieldzhu\Desktop\CPWorkplace\f\hh\xf\sf\Debug\vc100.idb
C:\USERS\SCOFIELDZHU\DESKTOP\CPWORKPLACE\F\HH\XF\SF\DEBUG\VC100.PDB
